Build started 2/26/2015 9:25:24 AM.
     1>Project "E:\Plinko_Function_camlen92\Plinko_Function_camlen92\Plinko_Function_camlen92.vcxproj" on node 2 (Build target(s)).
     1>ClCompile:
         C:\Program Files (x86)\Microsoft Visual Studio 12.0\VC\bin\CL.exe /c /ZI /nologo /W3 /WX- /sdl /Od /Oy- /D _MBCS /Gm /EHsc /RTC1 /MDd /GS /fp:precise /Zc:wchar_t /Zc:forScope /Fo"Debug\\" /Fd"Debug\vc120.pdb" /Gd /TP /analyze- /errorReport:prompt PlinkoMain.cpp
         PlinkoMain.cpp
     1>e:\plinko_function_camlen92\plinko_function_camlen92\plinkomain.cpp(64): warning C4244: 'initializing' : conversion from 'double' to 'int', possible loss of data
     1>e:\plinko_function_camlen92\plinko_function_camlen92\plinkomain.cpp(70): warning C4244: '=' : conversion from 'const double' to 'int', possible loss of data
     1>e:\plinko_function_camlen92\plinko_function_camlen92\plinkomain.cpp(75): warning C4244: '=' : conversion from 'const double' to 'int', possible loss of data
     1>e:\plinko_function_camlen92\plinko_function_camlen92\plinkomain.cpp(80): warning C4244: '=' : conversion from 'const double' to 'int', possible loss of data
     1>e:\plinko_function_camlen92\plinko_function_camlen92\plinkomain.cpp(85): warning C4244: '=' : conversion from 'const double' to 'int', possible loss of data
     1>e:\plinko_function_camlen92\plinko_function_camlen92\plinkomain.cpp(90): warning C4244: '=' : conversion from 'const double' to 'int', possible loss of data
     1>e:\plinko_function_camlen92\plinko_function_camlen92\plinkomain.cpp(95): warning C4244: '=' : conversion from 'const double' to 'int', possible loss of data
     1>e:\plinko_function_camlen92\plinko_function_camlen92\plinkomain.cpp(100): warning C4244: '=' : conversion from 'const double' to 'int', possible loss of data
     1>e:\plinko_function_camlen92\plinko_function_camlen92\plinkomain.cpp(105): warning C4244: '=' : conversion from 'const double' to 'int', possible loss of data
     1>e:\plinko_function_camlen92\plinko_function_camlen92\plinkomain.cpp(110): warning C4244: '=' : conversion from 'const double' to 'int', possible loss of data
     1>e:\plinko_function_camlen92\plinko_function_camlen92\plinkomain.cpp(198): warning C4244: 'return' : conversion from 'double' to 'int', possible loss of data
     1>e:\plinko_function_camlen92\plinko_function_camlen92\plinkomain.cpp(217): warning C4244: 'return' : conversion from 'double' to 'int', possible loss of data
     1>e:\plinko_function_camlen92\plinko_function_camlen92\plinkomain.cpp(302): warning C4244: 'argument' : conversion from 'time_t' to 'unsigned int', possible loss of data
     1>e:\plinko_function_camlen92\plinko_function_camlen92\plinkomain.cpp(346): warning C4244: 'argument' : conversion from 'double' to 'int', possible loss of data
     1>e:\plinko_function_camlen92\plinko_function_camlen92\plinkomain.cpp(354): warning C4101: 'slot' : unreferenced local variable
       Link:
         C:\Program Files (x86)\Microsoft Visual Studio 12.0\VC\bin\link.exe /ERRORREPORT:PROMPT /OUT:"E:\Plinko_Function_camlen92\Debug\Plinko_Function_camlen92.exe" /INCREMENTAL /NOLOGO kernel32.lib user32.lib gdi32.lib winspool.lib comdlg32.lib advapi32.lib shell32.lib ole32.lib oleaut32.lib uuid.lib odbc32.lib odbccp32.lib /MANIFEST /MANIFESTUAC:"level='asInvoker' uiAccess='false'" /manifest:embed /DEBUG /PDB:"E:\Plinko_Function_camlen92\Debug\Plinko_Function_camlen92.pdb" /TLBID:1 /DYNAMICBASE /NXCOMPAT /IMPLIB:"E:\Plinko_Function_camlen92\Debug\Plinko_Function_camlen92.lib" /MACHINE:X86 Debug\PlinkoMain.obj
         Plinko_Function_camlen92.vcxproj -> E:\Plinko_Function_camlen92\Debug\Plinko_Function_camlen92.exe
     1>Done Building Project "E:\Plinko_Function_camlen92\Plinko_Function_camlen92\Plinko_Function_camlen92.vcxproj" (Build target(s)).

Build succeeded.

Time Elapsed 00:00:41.54
